2025-06-10 04:18:05,649 - INFO - Starting stock screening pipeline
2025-06-10 04:18:05,649 - INFO - Finding and deleting old CSV files...
2025-06-10 04:18:05,649 - INFO - Found 13 CSV files to delete
2025-06-10 04:18:05,650 - INFO - Deleting: Days_Traded.csv
2025-06-10 04:18:05,651 - INFO - Deleting: max_rsi_12m.csv
2025-06-10 04:18:05,651 - INFO - Deleting: max_rsi_3m.csv
2025-06-10 04:18:05,652 - INFO - Deleting: max_rsi_6m.csv
2025-06-10 04:18:05,652 - INFO - Deleting: mvp_stocks_6mo.csv
2025-06-10 04:18:05,652 - INFO - Deleting: price_spikes.csv
2025-06-10 04:18:05,653 - INFO - Deleting: top_price_increase_1y.csv
2025-06-10 04:18:05,654 - INFO - Deleting: top_price_tightness_1w.csv
2025-06-10 04:18:05,654 - INFO - Deleting: volume_acceleration_stocks.csv
2025-06-10 04:18:05,655 - INFO - Deleting: close_to_52week_high.csv
2025-06-10 04:18:05,656 - INFO - Deleting: last_price_above_10.csv
2025-06-10 04:18:05,656 - INFO - Deleting: obligatory_passed_stocks.csv
2025-06-10 04:18:05,657 - INFO - Deleting: trading_for_at_most_3mo.csv
2025-06-10 04:18:05,705 - INFO - [trading_for_at_most_3mo.py] Resolved input file path: C:\Users\Victus\PycharmProjects\Stocks_Screener_V2\flask_microservice_stocks_filterer\stocks_filtering_application\price_data\all_tickers_historical.csv
2025-06-10 04:18:05,706 - INFO - [trading_for_at_most_3mo.py] Resolved output file path: C:\Users\Victus\PycharmProjects\Stocks_Screener_V2\flask_microservice_stocks_filterer\stocks_filtering_application\ipos\obligatory_screens\results\trading_for_at_most_3mo.csv
2025-06-10 04:18:05,708 - INFO - [close_to_52week_high.py] Resolved input file path: C:\Users\Victus\PycharmProjects\Stocks_Screener_V2\flask_microservice_stocks_filterer\stocks_filtering_application\price_data\all_tickers_historical.csv
2025-06-10 04:18:05,708 - INFO - [close_to_52week_high.py] Resolved output file path: C:\Users\Victus\PycharmProjects\Stocks_Screener_V2\flask_microservice_stocks_filterer\stocks_filtering_application\ipos\obligatory_screens\results\close_to_52week_high.csv
2025-06-10 04:18:05,711 - INFO - [minimum_5_dollar.py] Resolved input file path: C:\Users\Victus\PycharmProjects\Stocks_Screener_V2\flask_microservice_stocks_filterer\stocks_filtering_application\price_data\all_tickers_historical.csv
2025-06-10 04:18:05,711 - INFO - [minimum_5_dollar.py] Resolved output file path: C:\Users\Victus\PycharmProjects\Stocks_Screener_V2\flask_microservice_stocks_filterer\stocks_filtering_application\ipos\obligatory_screens\results\last_price_above_10.csv
2025-06-10 04:20:13,698 - INFO - [minimum_5_dollar.py] Last price check complete. 3290 stocks meeting the criteria have been saved to C:\Users\Victus\PycharmProjects\Stocks_Screener_V2\flask_microservice_stocks_filterer\stocks_filtering_application\ipos\obligatory_screens\results\last_price_above_10.csv.
2025-06-10 04:20:13,699 - INFO - [minimum_5_dollar.py] Skipped 500 rows due to missing or invalid data.
2025-06-10 04:20:14,420 - INFO - [close_to_52week_high.py] Close to 52-week high analysis complete. 2829 stocks meeting the criteria have been saved to C:\Users\Victus\PycharmProjects\Stocks_Screener_V2\flask_microservice_stocks_filterer\stocks_filtering_application\ipos\obligatory_screens\results\close_to_52week_high.csv.
2025-06-10 04:20:14,420 - INFO - [close_to_52week_high.py] Skipped 500 rows due to missing or invalid data.
2025-06-10 04:20:14,833 - INFO - [trading_for_at_most_3mo.py] Stocks trading for at most 12 months analysis complete. 340 stocks meeting the criteria have been saved to C:\Users\Victus\PycharmProjects\Stocks_Screener_V2\flask_microservice_stocks_filterer\stocks_filtering_application\ipos\obligatory_screens\results\trading_for_at_most_3mo.csv.
2025-06-10 04:20:14,833 - INFO - [trading_for_at_most_3mo.py] Skipped 500 rows due to missing or invalid data.
2025-06-10 04:20:15,148 - INFO - [obligatory_screen_passer.py] Processing 3 CSV files:
2025-06-10 04:20:15,148 - INFO - [obligatory_screen_passer.py] - close_to_52week_high.csv
2025-06-10 04:20:15,148 - INFO - [obligatory_screen_passer.py] - last_price_above_10.csv
2025-06-10 04:20:15,148 - INFO - [obligatory_screen_passer.py] - trading_for_at_most_3mo.csv
2025-06-10 04:20:15,150 - INFO - [obligatory_screen_passer.py] Processing 3 CSV files:
2025-06-10 04:20:15,150 - INFO - [obligatory_screen_passer.py] - close_to_52week_high.csv
2025-06-10 04:20:15,150 - INFO - [obligatory_screen_passer.py] - last_price_above_10.csv
2025-06-10 04:20:15,150 - INFO - [obligatory_screen_passer.py] - trading_for_at_most_3mo.csv
2025-06-10 04:20:15,150 - INFO - [obligatory_screen_passer.py] 
2025-06-10 04:20:15,150 - INFO - [obligatory_screen_passer.py] Found 133 stocks that passed all available screens
2025-06-10 04:20:15,150 - INFO - [obligatory_screen_passer.py] Results saved to obligatory_passed_stocks.csv
2025-06-10 04:20:15,190 - INFO - [banned_filter.py] Creating new empty stocks_not_banned.csv file...
2025-06-10 04:20:15,202 - INFO - [banned_filter.py] Checking 133 symbols for ban. 106 symbols are allowed.
2025-06-10 04:20:15,202 - INFO - [banned_filter.py] Removed 77 expired bans.
2025-06-10 04:20:18,820 - INFO - [obligatory_screen_data_filter.py] Filtered data has been written to <_io.TextIOWrapper name='C:\\Users\\Victus\\PycharmProjects\\Stocks_Screener_V2\\flask_microservice_stocks_filterer\\stocks_filtering_application\\ipos\\ranking_screens\\passed_stocks_input_data\\filtered_price_data.csv' mode='w' encoding='cp1252'>
2025-06-10 04:20:19,326 - INFO - [volume_acceleration.py] Volume Acceleration Analysis complete. 14 Results saved to C:\Users\Victus\PycharmProjects\Stocks_Screener_V2\flask_microservice_stocks_filterer\stocks_filtering_application\ipos\ranking_screens\results\volume_acceleration_stocks.csv
2025-06-10 04:20:20,151 - INFO - [mvp.py] Loaded 12316 rows of data
2025-06-10 04:20:20,185 - INFO - [days_traded.py] Stocks ranked by number of trading days have been saved to C:\Users\Victus\PycharmProjects\Stocks_Screener_V2\flask_microservice_stocks_filterer\stocks_filtering_application\ipos\ranking_screens\results\Days_Traded.csv
2025-06-10 04:20:20,188 - INFO - [top_price_tightness_1w.py] Top stocks by price tightness (last 1 week) have been saved to C:\Users\Victus\PycharmProjects\Stocks_Screener_V2\flask_microservice_stocks_filterer\stocks_filtering_application\ipos\ranking_screens\results\top_price_tightness_1w.csv
2025-06-10 04:20:20,188 - INFO - [top_price_increases_1y.py] Top 100 stocks by price increase have been saved to C:\Users\Victus\PycharmProjects\Stocks_Screener_V2\flask_microservice_stocks_filterer\stocks_filtering_application\ipos\ranking_screens\results\top_price_increase_1y.csv
2025-06-10 04:20:20,238 - INFO - [top_rsi.py] Skipping BOBP: Insufficient trading data (only 13 days)
2025-06-10 04:20:20,242 - INFO - [top_rsi_12m.py] Skipping BOBP: Insufficient trading data (only 13 days)
2025-06-10 04:20:20,243 - INFO - [top_rsi_6m.py] Skipping BOBP: Insufficient trading data (only 13 days)
2025-06-10 04:20:20,321 - ERROR - [days_traded.py ERROR] C:\Users\Victus\PycharmProjects\Stocks_Screener_V2\flask_microservice_stocks_filterer\stocks_filtering_application\ipos\ranking_screens\days_traded.py:26: DeprecationWarning: DataFrameGroupBy.apply operated on the grouping columns. This behavior is deprecated, and in a future version of pandas the grouping columns will be excluded from the operation. Either pass `include_groups=False` to exclude the groupings or explicitly select the grouping columns after groupby to silence this warning.
2025-06-10 04:20:20,321 - ERROR - [days_traded.py ERROR] trading_days = df.groupby('Symbol').apply(count_trading_days)
2025-06-10 04:20:20,338 - ERROR - [top_price_tightness_1w.py ERROR] C:\Users\Victus\PycharmProjects\Stocks_Screener_V2\flask_microservice_stocks_filterer\stocks_filtering_application\ipos\ranking_screens\top_price_tightness_1w.py:31: DeprecationWarning: DataFrameGroupBy.apply operated on the grouping columns. This behavior is deprecated, and in a future version of pandas the grouping columns will be excluded from the operation. Either pass `include_groups=False` to exclude the groupings or explicitly select the grouping columns after groupby to silence this warning.
2025-06-10 04:20:20,339 - ERROR - [top_price_tightness_1w.py ERROR] price_tightness = df_filtered.groupby('Symbol').apply(calculate_price_tightness)
2025-06-10 04:20:20,379 - INFO - [top_rsi.py] Skipping HNGE: Insufficient trading data (only 12 days)
2025-06-10 04:20:20,401 - INFO - [top_rsi_6m.py] Skipping HNGE: Insufficient trading data (only 12 days)
2025-06-10 04:20:20,409 - INFO - [top_rsi.py] Skipping KG: Insufficient trading data (only 9 days)
2025-06-10 04:20:20,422 - INFO - [top_rsi_12m.py] Skipping HNGE: Insufficient trading data (only 12 days)
2025-06-10 04:20:20,463 - INFO - [top_rsi_12m.py] Skipping KG: Insufficient trading data (only 9 days)
2025-06-10 04:20:20,467 - INFO - [top_rsi.py] Skipping MNTN: Insufficient trading data (only 12 days)
2025-06-10 04:20:20,484 - INFO - [top_rsi_6m.py] Skipping KG: Insufficient trading data (only 9 days)
2025-06-10 04:20:20,540 - INFO - [top_rsi_12m.py] Skipping MNTN: Insufficient trading data (only 12 days)
2025-06-10 04:20:20,559 - INFO - [top_rsi_6m.py] Skipping MNTN: Insufficient trading data (only 12 days)
2025-06-10 04:20:20,674 - INFO - [price_spikes.py] Analysis complete. Results saved to C:\Users\Victus\PycharmProjects\Stocks_Screener_V2\flask_microservice_stocks_filterer\stocks_filtering_application\ipos\ranking_screens\results\price_spikes.csv
2025-06-10 04:20:20,684 - INFO - [top_rsi.py] Skipping UYSC: Insufficient trading data (only 10 days)
2025-06-10 04:20:20,709 - INFO - [top_rsi_6m.py] Skipping UYSC: Insufficient trading data (only 10 days)
2025-06-10 04:20:20,712 - INFO - [top_rsi.py] Top stocks by maximum RSI (last 3 months) have been saved to C:\Users\Victus\PycharmProjects\Stocks_Screener_V2\flask_microservice_stocks_filterer\stocks_filtering_application\ipos\ranking_screens\results\max_rsi_3m.csv
2025-06-10 04:20:20,713 - INFO - [top_rsi.py] Total stocks analyzed: 100
2025-06-10 04:20:20,713 - INFO - [top_rsi.py] Stocks excluded due to insufficient trading data: 5
2025-06-10 04:20:20,716 - INFO - [top_rsi_12m.py] Skipping UYSC: Insufficient trading data (only 10 days)
2025-06-10 04:20:20,727 - INFO - [top_rsi_6m.py] Top stocks by maximum RSI (last 6 months) have been saved to C:\Users\Victus\PycharmProjects\Stocks_Screener_V2\flask_microservice_stocks_filterer\stocks_filtering_application\ipos\ranking_screens\results\max_rsi_6m.csv
2025-06-10 04:20:20,728 - INFO - [top_rsi_6m.py] Total stocks analyzed: 100
2025-06-10 04:20:20,728 - INFO - [top_rsi_6m.py] Stocks excluded due to insufficient trading data: 5
2025-06-10 04:20:20,744 - INFO - [top_rsi_12m.py] Top stocks by maximum RSI (last 12 months) have been saved to C:\Users\Victus\PycharmProjects\Stocks_Screener_V2\flask_microservice_stocks_filterer\stocks_filtering_application\ipos\ranking_screens\results\max_rsi_12m.csv
2025-06-10 04:20:20,744 - INFO - [top_rsi_12m.py] Total stocks analyzed: 100
2025-06-10 04:20:20,745 - INFO - [top_rsi_12m.py] Stocks excluded due to insufficient trading data: 5
2025-06-10 04:20:27,718 - INFO - [mvp.py] Processed 50 symbols...
2025-06-10 04:20:35,023 - INFO - [mvp.py] Processed 100 symbols...
2025-06-10 04:20:36,043 - INFO - [mvp.py] Processed 106 symbols total
2025-06-10 04:20:36,043 - INFO - [mvp.py] Found 2 stocks meeting MVP criteria
2025-06-10 04:20:36,045 - INFO - [mvp.py] Results saved to C:\Users\Victus\PycharmProjects\Stocks_Screener_V2\flask_microservice_stocks_filterer\stocks_filtering_application\ipos\ranking_screens\results\mvp_stocks_6mo.csv
2025-06-10 04:20:36,170 - INFO - [top_n_stocks_by_price_increase.py] 'C:\Users\Victus\PycharmProjects\Stocks_Screener_V2\flask_microservice_stocks_filterer\stocks_filtering_application\ipos\stocks_ranking_by_price.csv' has been created.
2025-06-10 04:20:36,177 - INFO - Stock screening pipeline completed successfully.
