2025-06-10 04:18:06,323 - INFO - Starting stock screening pipeline
2025-06-10 04:18:06,323 - INFO - Finding and deleting old CSV files...
2025-06-10 04:18:06,324 - INFO - Found 17 CSV files to delete
2025-06-10 04:18:06,324 - INFO - Deleting: filtered_banned_rs_file.csv
2025-06-10 04:18:06,325 - INFO - Deleting: max_rsi_12m.csv
2025-06-10 04:18:06,325 - INFO - Deleting: max_rsi_3m.csv
2025-06-10 04:18:06,326 - INFO - Deleting: max_rsi_6m.csv
2025-06-10 04:18:06,327 - INFO - Deleting: mvp_stocks_6mo.csv
2025-06-10 04:18:06,327 - INFO - Deleting: price_spikes.csv
2025-06-10 04:18:06,328 - INFO - Deleting: top_price_increase_1y.csv
2025-06-10 04:18:06,329 - INFO - Deleting: top_price_tightness_1w.csv
2025-06-10 04:18:06,329 - INFO - Deleting: volume_acceleration_stocks.csv
2025-06-10 04:18:06,330 - INFO - Deleting: above_52week_low.csv
2025-06-10 04:18:06,331 - INFO - Deleting: close_to_52week_high.csv
2025-06-10 04:18:06,331 - INFO - Deleting: filtered_rs_file.csv
2025-06-10 04:18:06,332 - INFO - Deleting: last_price_above_10.csv
2025-06-10 04:18:06,332 - INFO - Deleting: minimum_price_increase.csv
2025-06-10 04:18:06,333 - INFO - Deleting: obligatory_passed_stocks.csv
2025-06-10 04:18:06,333 - INFO - Deleting: raw_rs_file.csv
2025-06-10 04:18:06,334 - INFO - Deleting: trending_up_stocks.csv
2025-06-10 04:18:06,411 - INFO - [minimum_price_increase.py] Resolved input file path: C:\Users\Victus\PycharmProjects\Stocks_Screener_V2\flask_microservice_stocks_filterer\stocks_filtering_application\price_data\all_tickers_historical.csv
2025-06-10 04:18:06,412 - INFO - [minimum_price_increase.py] Resolved output file path: C:\Users\Victus\PycharmProjects\Stocks_Screener_V2\flask_microservice_stocks_filterer\stocks_filtering_application\minervini_4mo\obligatory_screens\results\minimum_price_increase.csv
2025-06-10 04:18:06,415 - INFO - [above_52week_low.py] Resolved input file path: C:\Users\Victus\PycharmProjects\Stocks_Screener_V2\flask_microservice_stocks_filterer\stocks_filtering_application\price_data\all_tickers_historical.csv
2025-06-10 04:18:06,415 - INFO - [above_52week_low.py] Resolved output file path: C:\Users\Victus\PycharmProjects\Stocks_Screener_V2\flask_microservice_stocks_filterer\stocks_filtering_application\minervini_4mo\obligatory_screens\results\above_52week_low.csv
2025-06-10 04:18:06,418 - INFO - [minimum_5_dollar.py] Resolved input file path: C:\Users\Victus\PycharmProjects\Stocks_Screener_V2\flask_microservice_stocks_filterer\stocks_filtering_application\price_data\all_tickers_historical.csv
2025-06-10 04:18:06,418 - INFO - [minimum_5_dollar.py] Resolved output file path: C:\Users\Victus\PycharmProjects\Stocks_Screener_V2\flask_microservice_stocks_filterer\stocks_filtering_application\minervini_4mo\obligatory_screens\results\last_price_above_10.csv
2025-06-10 04:18:07,084 - INFO - [trending_up.py] Resolved input file path: C:\Users\Victus\PycharmProjects\Stocks_Screener_V2\flask_microservice_stocks_filterer\stocks_filtering_application\price_data\all_tickers_historical.csv
2025-06-10 04:18:07,084 - INFO - [trending_up.py] Resolved output file path: C:\Users\Victus\PycharmProjects\Stocks_Screener_V2\flask_microservice_stocks_filterer\stocks_filtering_application\minervini_4mo\obligatory_screens\results\trending_up_stocks.csv
2025-06-10 04:18:07,096 - INFO - [ibd_rs_ranking.py] Resolved input file path: C:\Users\Victus\PycharmProjects\Stocks_Screener_V2\flask_microservice_stocks_filterer\stocks_filtering_application\price_data\all_tickers_historical.csv
2025-06-10 04:18:07,096 - INFO - [ibd_rs_ranking.py] Resolved output file path: C:\Users\Victus\PycharmProjects\Stocks_Screener_V2\flask_microservice_stocks_filterer\stocks_filtering_application\minervini_4mo\obligatory_screens\results\raw_rs_file.csv
2025-06-10 04:18:07,096 - INFO - [ibd_rs_ranking.py] Reading historical stock data...
2025-06-10 04:20:16,519 - INFO - [minimum_5_dollar.py] Last price check complete. 3290 stocks meeting the criteria have been saved to C:\Users\Victus\PycharmProjects\Stocks_Screener_V2\flask_microservice_stocks_filterer\stocks_filtering_application\minervini_4mo\obligatory_screens\results\last_price_above_10.csv.
2025-06-10 04:20:16,521 - INFO - [minimum_5_dollar.py] Skipped 500 rows due to missing or invalid data.
2025-06-10 04:20:16,895 - INFO - [above_52week_low.py] Above 52 week low analysis complete. 3298 stocks meeting the criteria have been saved to C:\Users\Victus\PycharmProjects\Stocks_Screener_V2\flask_microservice_stocks_filterer\stocks_filtering_application\minervini_4mo\obligatory_screens\results\above_52week_low.csv.
2025-06-10 04:20:16,895 - INFO - [above_52week_low.py] Skipped 500 rows due to missing or invalid data.
2025-06-10 04:20:18,112 - INFO - [close_to_52week_high.py] Close to 52-week high analysis complete. 2829 stocks meeting the criteria have been saved to C:\Users\Victus\PycharmProjects\Stocks_Screener_V2\flask_microservice_stocks_filterer\stocks_filtering_application\minervini_4mo\obligatory_screens\results\close_to_52week_high.csv.
2025-06-10 04:20:18,112 - INFO - [close_to_52week_high.py] Skipped 500 rows due to missing or invalid data.
2025-06-10 04:20:19,023 - INFO - [minimum_price_increase.py] Analysis complete. 5922 stocks with minimum 20.0% increase have been saved to C:\Users\Victus\PycharmProjects\Stocks_Screener_V2\flask_microservice_stocks_filterer\stocks_filtering_application\minervini_4mo\obligatory_screens\results\minimum_price_increase.csv.
2025-06-10 04:20:19,024 - INFO - [minimum_price_increase.py] Skipped 247 rows due to missing, invalid, or outdated data.
2025-06-10 04:20:47,198 - INFO - [ibd_rs_ranking.py] Calculating RS ratings for all stocks...
2025-06-10 04:21:01,118 - INFO - [trending_up.py] Trending up analysis complete. Saved 620 symbols to C:\Users\Victus\PycharmProjects\Stocks_Screener_V2\flask_microservice_stocks_filterer\stocks_filtering_application\minervini_4mo\obligatory_screens\results\trending_up_stocks.csv
2025-06-10 04:21:06,495 - INFO - [ibd_rs_ranking.py] Ranking stocks based on RS rating...
2025-06-10 04:21:06,504 - INFO - [ibd_rs_ranking.py] Saving RS ratings for 5710 stocks to C:\Users\Victus\PycharmProjects\Stocks_Screener_V2\flask_microservice_stocks_filterer\stocks_filtering_application\minervini_4mo\obligatory_screens\results\raw_rs_file.csv
2025-06-10 04:21:06,510 - INFO - [ibd_rs_ranking.py] RS rating calculation complete!
2025-06-10 04:21:06,643 - INFO - [obligatory_screen_passer.py] Processing 6 CSV files:
2025-06-10 04:21:06,643 - INFO - [obligatory_screen_passer.py] - above_52week_low.csv
2025-06-10 04:21:06,643 - INFO - [obligatory_screen_passer.py] - close_to_52week_high.csv
2025-06-10 04:21:06,643 - INFO - [obligatory_screen_passer.py] - last_price_above_10.csv
2025-06-10 04:21:06,643 - INFO - [obligatory_screen_passer.py] - minimum_price_increase.csv
2025-06-10 04:21:06,643 - INFO - [obligatory_screen_passer.py] - raw_rs_file.csv
2025-06-10 04:21:06,643 - INFO - [obligatory_screen_passer.py] - trending_up_stocks.csv
2025-06-10 04:21:06,644 - INFO - [obligatory_screen_passer.py] 
2025-06-10 04:21:06,644 - INFO - [obligatory_screen_passer.py] Found 421 stocks that passed all available screens
2025-06-10 04:21:06,644 - INFO - [obligatory_screen_passer.py] Results saved to obligatory_passed_stocks.csv
2025-06-10 04:21:06,685 - INFO - [banned_filter.py] Creating new empty stocks_not_banned.csv file...
2025-06-10 04:21:06,701 - INFO - [banned_filter.py] Checking 421 symbols for ban. 214 symbols are allowed.
2025-06-10 04:21:06,701 - INFO - [banned_filter.py] Removed 77 expired bans.
2025-06-10 04:21:09,971 - INFO - [obligatory_screen_data_filter.py] Filtered data has been written to <_io.TextIOWrapper name='C:\\Users\\Victus\\PycharmProjects\\Stocks_Screener_V2\\flask_microservice_stocks_filterer\\stocks_filtering_application\\minervini_4mo\\ranking_screens\\passed_stocks_input_data\\filtered_price_data.csv' mode='w' encoding='cp1252'>
2025-06-10 04:21:10,666 - INFO - [ibd_rs_ticker_filterer.py] Raw RS file: C:\Users\Victus\PycharmProjects\Stocks_Screener_V2\flask_microservice_stocks_filterer\stocks_filtering_application\minervini_4mo\obligatory_screens\results\raw_rs_file.csv
2025-06-10 04:21:10,667 - INFO - [ibd_rs_ticker_filterer.py] Obligatory passed stocks file: C:\Users\Victus\PycharmProjects\Stocks_Screener_V2\flask_microservice_stocks_filterer\stocks_filtering_application\minervini_4mo\obligatory_screens\results\obligatory_passed_stocks.csv
2025-06-10 04:21:10,667 - INFO - [ibd_rs_ticker_filterer.py] Not banned stocks file: C:\Users\Victus\PycharmProjects\Stocks_Screener_V2\flask_microservice_stocks_filterer\stocks_filtering_application\minervini_4mo\banned_stocks\stocks_not_banned.csv
2025-06-10 04:21:10,667 - INFO - [ibd_rs_ticker_filterer.py] Output filtered RS file: C:\Users\Victus\PycharmProjects\Stocks_Screener_V2\flask_microservice_stocks_filterer\stocks_filtering_application\minervini_4mo\obligatory_screens\results\filtered_rs_file.csv
2025-06-10 04:21:10,667 - INFO - [ibd_rs_ticker_filterer.py] Output filtered banned RS file: C:\Users\Victus\PycharmProjects\Stocks_Screener_V2\flask_microservice_stocks_filterer\stocks_filtering_application\minervini_4mo\ranking_screens\results\filtered_banned_rs_file.csv
2025-06-10 04:21:10,667 - INFO - [ibd_rs_ticker_filterer.py] Reading input files...
2025-06-10 04:21:10,674 - INFO - [ibd_rs_ticker_filterer.py] Loaded 5710 stocks with RS ratings
2025-06-10 04:21:10,677 - INFO - [ibd_rs_ticker_filterer.py] Loaded 421 obligatory passed stocks
2025-06-10 04:21:10,679 - INFO - [ibd_rs_ticker_filterer.py] Loaded 214 not banned stocks
2025-06-10 04:21:10,684 - INFO - [ibd_rs_ticker_filterer.py] After filtering for obligatory passed stocks: 421 stocks remain
2025-06-10 04:21:10,688 - INFO - [ibd_rs_ticker_filterer.py] Saved filtered RS ratings to C:\Users\Victus\PycharmProjects\Stocks_Screener_V2\flask_microservice_stocks_filterer\stocks_filtering_application\minervini_4mo\obligatory_screens\results\filtered_rs_file.csv
2025-06-10 04:21:10,689 - INFO - [ibd_rs_ticker_filterer.py] After filtering out banned stocks: 214 stocks remain
2025-06-10 04:21:10,692 - INFO - [ibd_rs_ticker_filterer.py] Saved filtered non-banned RS ratings to C:\Users\Victus\PycharmProjects\Stocks_Screener_V2\flask_microservice_stocks_filterer\stocks_filtering_application\minervini_4mo\ranking_screens\results\filtered_banned_rs_file.csv
2025-06-10 04:21:12,783 - INFO - [volume_acceleration.py] Volume Acceleration Analysis complete. 53 Results saved to C:\Users\Victus\PycharmProjects\Stocks_Screener_V2\flask_microservice_stocks_filterer\stocks_filtering_application\minervini_4mo\ranking_screens\results\volume_acceleration_stocks.csv
2025-06-10 04:21:16,297 - INFO - [mvp.py] Loaded 106059 rows of data
2025-06-10 04:21:16,661 - INFO - [top_price_tightness_1w.py] Top stocks by price tightness (last 1 week) have been saved to C:\Users\Victus\PycharmProjects\Stocks_Screener_V2\flask_microservice_stocks_filterer\stocks_filtering_application\minervini_4mo\ranking_screens\results\top_price_tightness_1w.csv
2025-06-10 04:21:16,906 - ERROR - [top_price_tightness_1w.py ERROR] C:\Users\Victus\PycharmProjects\Stocks_Screener_V2\flask_microservice_stocks_filterer\stocks_filtering_application\minervini_4mo\ranking_screens\top_price_tightness_1w.py:31: DeprecationWarning: DataFrameGroupBy.apply operated on the grouping columns. This behavior is deprecated, and in a future version of pandas the grouping columns will be excluded from the operation. Either pass `include_groups=False` to exclude the groupings or explicitly select the grouping columns after groupby to silence this warning.
2025-06-10 04:21:16,906 - ERROR - [top_price_tightness_1w.py ERROR] price_tightness = df_filtered.groupby('Symbol').apply(calculate_price_tightness)
2025-06-10 04:21:17,032 - INFO - [top_price_increases_1y.py] Top stocks by price increase (last 1 year) have been saved to C:\Users\Victus\PycharmProjects\Stocks_Screener_V2\flask_microservice_stocks_filterer\stocks_filtering_application\minervini_4mo\ranking_screens\results\top_price_increase_1y.csv
2025-06-10 04:21:17,260 - ERROR - [top_price_increases_1y.py ERROR] C:\Users\Victus\PycharmProjects\Stocks_Screener_V2\flask_microservice_stocks_filterer\stocks_filtering_application\minervini_4mo\ranking_screens\top_price_increases_1y.py:8: RuntimeWarning: divide by zero encountered in scalar divide
2025-06-10 04:21:17,260 - ERROR - [top_price_increases_1y.py ERROR] return (year_high - year_low) / year_low * 100
2025-06-10 04:21:17,260 - ERROR - [top_price_increases_1y.py ERROR] C:\Users\Victus\PycharmProjects\Stocks_Screener_V2\flask_microservice_stocks_filterer\stocks_filtering_application\minervini_4mo\ranking_screens\top_price_increases_1y.py:32: DeprecationWarning: DataFrameGroupBy.apply operated on the grouping columns. This behavior is deprecated, and in a future version of pandas the grouping columns will be excluded from the operation. Either pass `include_groups=False` to exclude the groupings or explicitly select the grouping columns after groupby to silence this warning.
2025-06-10 04:21:17,260 - ERROR - [top_price_increases_1y.py ERROR] price_increases = df_filtered.groupby('Symbol').apply(calculate_price_increase)
2025-06-10 04:21:18,311 - INFO - [price_spikes.py] Analysis complete. Results saved to C:\Users\Victus\PycharmProjects\Stocks_Screener_V2\flask_microservice_stocks_filterer\stocks_filtering_application\minervini_4mo\ranking_screens\results\price_spikes.csv
2025-06-10 04:21:18,367 - INFO - [top_rsi.py] Top stocks by maximum RSI (last 3 months) have been saved to C:\Users\Victus\PycharmProjects\Stocks_Screener_V2\flask_microservice_stocks_filterer\stocks_filtering_application\minervini_4mo\ranking_screens\results\max_rsi_3m.csv
2025-06-10 04:21:18,367 - INFO - [top_rsi.py] Total stocks analyzed: 214
2025-06-10 04:21:18,371 - INFO - [top_rsi.py] Stocks excluded due to insufficient trading data: 0
2025-06-10 04:21:18,777 - INFO - [top_rsi_6m.py] Top stocks by maximum RSI (last 6 months) have been saved to C:\Users\Victus\PycharmProjects\Stocks_Screener_V2\flask_microservice_stocks_filterer\stocks_filtering_application\minervini_4mo\ranking_screens\results\max_rsi_6m.csv
2025-06-10 04:21:18,777 - INFO - [top_rsi_6m.py] Total stocks analyzed: 214
2025-06-10 04:21:18,781 - INFO - [top_rsi_6m.py] Stocks excluded due to insufficient trading data: 0
2025-06-10 04:21:19,993 - INFO - [top_rsi_12m.py] Top stocks by maximum RSI (last 12 months) have been saved to C:\Users\Victus\PycharmProjects\Stocks_Screener_V2\flask_microservice_stocks_filterer\stocks_filtering_application\minervini_4mo\ranking_screens\results\max_rsi_12m.csv
2025-06-10 04:21:19,993 - INFO - [top_rsi_12m.py] Total stocks analyzed: 214
2025-06-10 04:21:20,000 - INFO - [top_rsi_12m.py] Stocks excluded due to insufficient trading data: 0
2025-06-10 04:21:32,387 - INFO - [mvp.py] Processed 50 symbols...
2025-06-10 04:21:40,577 - INFO - [mvp.py] Processed 100 symbols...
2025-06-10 04:21:49,532 - INFO - [mvp.py] Processed 150 symbols...
2025-06-10 04:21:58,345 - INFO - [mvp.py] Processed 200 symbols...
2025-06-10 04:22:00,726 - INFO - [mvp.py] Processed 214 symbols total
2025-06-10 04:22:00,726 - INFO - [mvp.py] Found 23 stocks meeting MVP criteria
2025-06-10 04:22:00,728 - INFO - [mvp.py] Results saved to C:\Users\Victus\PycharmProjects\Stocks_Screener_V2\flask_microservice_stocks_filterer\stocks_filtering_application\minervini_4mo\ranking_screens\results\mvp_stocks_6mo.csv
2025-06-10 04:22:00,729 - INFO - [mvp.py] Stocks meeting MVP criteria at least once in the last 6 months have been saved to C:\Users\Victus\PycharmProjects\Stocks_Screener_V2\flask_microservice_stocks_filterer\stocks_filtering_application\minervini_4mo\ranking_screens\results\mvp_stocks_6mo.csv
2025-06-10 04:22:00,835 - INFO - [top_n_stocks_by_price_increase.py] 'C:\Users\Victus\PycharmProjects\Stocks_Screener_V2\flask_microservice_stocks_filterer\stocks_filtering_application\minervini_4mo\stocks_ranking_by_price.csv' has been created.
2025-06-10 04:22:00,840 - INFO - Stock screening pipeline completed successfully.
